# Logfile created on 2013-09-09 17:46:21 +0200 by logger.rb/1.2.8
Started GET "/" at 2013-09-09 17:46:30 +0200
Detecting locale EN
Found page "Home page" [index]
* Reloaded "pages", "snippets" at 2013-09-09 17:46:35 +0200
Started GET "/" at 2013-09-09 17:46:36 +0200
Detecting locale EN
Found page "Home page" [index]
  Rendered liquid page template
Completed 200 OK in 2.3ms


* Reloaded "pages", "snippets" at 2013-09-09 17:46:39 +0200
* Reloaded "content_entries" at 2013-09-09 17:47:27 +0200
* Reloaded "content_types", "content_entries" at 2013-09-09 17:47:38 +0200
["/usr/local/opt/rbenv/versions/1.9.3-p392/lib/ruby/gems/1.9.1/gems/locomotivecms_mounter-1.2.6/lib/locomotive/mounter/models/content_entry.rb:193:in `method_missing'", "/usr/local/opt/rbenv/versions/1.9.3-p392/lib/ruby/gems/1.9.1/gems/locomotivecms_mounter-1.2.6/lib/locomotive/mounter/models/content_type.rb:72:in `block (2 levels) in build_entry'", "/usr/local/opt/rbenv/versions/1.9.3-p392/lib/ruby/gems/1.9.1/gems/locomotivecms_mounter-1.2.6/lib/locomotive/mounter/models/content_type.rb:65:in `each'", "/usr/local/opt/rbenv/versions/1.9.3-p392/lib/ruby/gems/1.9.1/gems/locomotivecms_mounter-1.2.6/lib/locomotive/mounter/models/content_type.rb:65:in `block in build_entry'", "/usr/local/opt/rbenv/versions/1.9.3-p392/lib/ruby/gems/1.9.1/gems/locomotivecms_mounter-1.2.6/lib/locomotive/mounter/models/content_type.rb:60:in `tap'", "/usr/local/opt/rbenv/versions/1.9.3-p392/lib/ruby/gems/1.9.1/gems/locomotivecms_mounter-1.2.6/lib/locomotive/mounter/models/content_type.rb:60:in `build_entry'", "/usr/local/opt/rbenv/versions/1.9.3-p392/lib/ruby/gems/1.9.1/gems/locomotivecms_mounter-1.2.6/lib/locomotive/mounter/reader/file_system/content_entries_reader.rb:75:in `add'", "/usr/local/opt/rbenv/versions/1.9.3-p392/lib/ruby/gems/1.9.1/gems/locomotivecms_mounter-1.2.6/lib/locomotive/mounter/reader/file_system/content_entries_reader.rb:29:in `block (2 levels) in fetch_from_filesystem'", "/usr/local/opt/rbenv/versions/1.9.3-p392/lib/ruby/gems/1.9.1/gems/locomotivecms_mounter-1.2.6/lib/locomotive/mounter/reader/file_system/content_entries_reader.rb:28:in `each'", "/usr/local/opt/rbenv/versions/1.9.3-p392/lib/ruby/gems/1.9.1/gems/locomotivecms_mounter-1.2.6/lib/locomotive/mounter/reader/file_system/content_entries_reader.rb:28:in `each_with_index'", "/usr/local/opt/rbenv/versions/1.9.3-p392/lib/ruby/gems/1.9.1/gems/locomotivecms_mounter-1.2.6/lib/locomotive/mounter/reader/file_system/content_entries_reader.rb:28:in `block in fetch_from_filesystem'", "/usr/local/opt/rbenv/versions/1.9.3-p392/lib/ruby/gems/1.9.1/gems/locomotivecms_mounter-1.2.6/lib/locomotive/mounter/reader/file_system/content_entries_reader.rb:21:in `each'", "/usr/local/opt/rbenv/versions/1.9.3-p392/lib/ruby/gems/1.9.1/gems/locomotivecms_mounter-1.2.6/lib/locomotive/mounter/reader/file_system/content_entries_reader.rb:21:in `fetch_from_filesystem'", "/usr/local/opt/rbenv/versions/1.9.3-p392/lib/ruby/gems/1.9.1/gems/locomotivecms_mounter-1.2.6/lib/locomotive/mounter/reader/file_system/content_entries_reader.rb:13:in `read'", "/usr/local/opt/rbenv/versions/1.9.3-p392/lib/ruby/gems/1.9.1/gems/locomotivecms_mounter-1.2.6/lib/locomotive/mounter/reader/runner.rb:48:in `block (2 levels) in reload'", "/usr/local/opt/rbenv/versions/1.9.3-p392/lib/ruby/gems/1.9.1/gems/locomotivecms_mounter-1.2.6/lib/locomotive/mounter/reader/runner.rb:40:in `each'", "/usr/local/opt/rbenv/versions/1.9.3-p392/lib/ruby/gems/1.9.1/gems/locomotivecms_mounter-1.2.6/lib/locomotive/mounter/reader/runner.rb:40:in `block in reload'", "/usr/local/opt/rbenv/versions/1.9.3-p392/lib/ruby/gems/1.9.1/gems/locomotivecms_mounter-1.2.6/lib/locomotive/mounter.rb:97:in `with_locale'", "/usr/local/opt/rbenv/versions/1.9.3-p392/lib/ruby/gems/1.9.1/gems/locomotivecms_mounter-1.2.6/lib/locomotive/mounter/reader/runner.rb:39:in `reload'", "/usr/local/opt/rbenv/versions/1.9.3-p392/lib/ruby/gems/1.9.1/gems/locomotivecms_wagon-1.2.2/lib/locomotive/wagon/listen.rb:39:in `block in apply'", "/usr/local/opt/rbenv/versions/1.9.3-p392/lib/ruby/gems/1.9.1/gems/listen-0.7.3/lib/listen/listener.rb:212:in `call'", "/usr/local/opt/rbenv/versions/1.9.3-p392/lib/ruby/gems/1.9.1/gems/listen-0.7.3/lib/listen/listener.rb:212:in `on_change'", "/usr/local/opt/rbenv/versions/1.9.3-p392/lib/ruby/gems/1.9.1/gems/listen-0.7.3/lib/listen/listener.rb:221:in `block in initialize_adapter'", "/usr/local/opt/rbenv/versions/1.9.3-p392/lib/ruby/gems/1.9.1/gems/listen-0.7.3/lib/listen/adapter.rb:198:in `call'", "/usr/local/opt/rbenv/versions/1.9.3-p392/lib/ruby/gems/1.9.1/gems/listen-0.7.3/lib/listen/adapter.rb:198:in `report_changes'", "/usr/local/opt/rbenv/versions/1.9.3-p392/lib/ruby/gems/1.9.1/gems/listen-0.7.3/lib/listen/adapter.rb:210:in `poll_changed_dirs'", "/usr/local/opt/rbenv/versions/1.9.3-p392/lib/ruby/gems/1.9.1/gems/listen-0.7.3/lib/listen/adapters/darwin.rb:38:in `block in start'"]
The 'products' content type does not have a field named 'category'.
The 'products' content type does not have a field named 'category'.
	/usr/local/opt/rbenv/versions/1.9.3-p392/lib/ruby/gems/1.9.1/gems/locomotivecms_mounter-1.2.6/lib/locomotive/mounter/models/content_type.rb:76:in `rescue in block (2 levels) in build_entry'
	/usr/local/opt/rbenv/versions/1.9.3-p392/lib/ruby/gems/1.9.1/gems/locomotivecms_mounter-1.2.6/lib/locomotive/mounter/models/content_type.rb:66:in `block (2 levels) in build_entry'
	/usr/local/opt/rbenv/versions/1.9.3-p392/lib/ruby/gems/1.9.1/gems/locomotivecms_mounter-1.2.6/lib/locomotive/mounter/models/content_type.rb:65:in `each'
	/usr/local/opt/rbenv/versions/1.9.3-p392/lib/ruby/gems/1.9.1/gems/locomotivecms_mounter-1.2.6/lib/locomotive/mounter/models/content_type.rb:65:in `block in build_entry'
	/usr/local/opt/rbenv/versions/1.9.3-p392/lib/ruby/gems/1.9.1/gems/locomotivecms_mounter-1.2.6/lib/locomotive/mounter/models/content_type.rb:60:in `tap'
	/usr/local/opt/rbenv/versions/1.9.3-p392/lib/ruby/gems/1.9.1/gems/locomotivecms_mounter-1.2.6/lib/locomotive/mounter/models/content_type.rb:60:in `build_entry'
	/usr/local/opt/rbenv/versions/1.9.3-p392/lib/ruby/gems/1.9.1/gems/locomotivecms_mounter-1.2.6/lib/locomotive/mounter/reader/file_system/content_entries_reader.rb:75:in `add'
	/usr/local/opt/rbenv/versions/1.9.3-p392/lib/ruby/gems/1.9.1/gems/locomotivecms_mounter-1.2.6/lib/locomotive/mounter/reader/file_system/content_entries_reader.rb:29:in `block (2 levels) in fetch_from_filesystem'
	/usr/local/opt/rbenv/versions/1.9.3-p392/lib/ruby/gems/1.9.1/gems/locomotivecms_mounter-1.2.6/lib/locomotive/mounter/reader/file_system/content_entries_reader.rb:28:in `each'
	/usr/local/opt/rbenv/versions/1.9.3-p392/lib/ruby/gems/1.9.1/gems/locomotivecms_mounter-1.2.6/lib/locomotive/mounter/reader/file_system/content_entries_reader.rb:28:in `each_with_index'
	/usr/local/opt/rbenv/versions/1.9.3-p392/lib/ruby/gems/1.9.1/gems/locomotivecms_mounter-1.2.6/lib/locomotive/mounter/reader/file_system/content_entries_reader.rb:28:in `block in fetch_from_filesystem'
	/usr/local/opt/rbenv/versions/1.9.3-p392/lib/ruby/gems/1.9.1/gems/locomotivecms_mounter-1.2.6/lib/locomotive/mounter/reader/file_system/content_entries_reader.rb:21:in `each'
	/usr/local/opt/rbenv/versions/1.9.3-p392/lib/ruby/gems/1.9.1/gems/locomotivecms_mounter-1.2.6/lib/locomotive/mounter/reader/file_system/content_entries_reader.rb:21:in `fetch_from_filesystem'
	/usr/local/opt/rbenv/versions/1.9.3-p392/lib/ruby/gems/1.9.1/gems/locomotivecms_mounter-1.2.6/lib/locomotive/mounter/reader/file_system/content_entries_reader.rb:13:in `read'
	/usr/local/opt/rbenv/versions/1.9.3-p392/lib/ruby/gems/1.9.1/gems/locomotivecms_mounter-1.2.6/lib/locomotive/mounter/reader/runner.rb:48:in `block (2 levels) in reload'
	/usr/local/opt/rbenv/versions/1.9.3-p392/lib/ruby/gems/1.9.1/gems/locomotivecms_mounter-1.2.6/lib/locomotive/mounter/reader/runner.rb:40:in `each'
	/usr/local/opt/rbenv/versions/1.9.3-p392/lib/ruby/gems/1.9.1/gems/locomotivecms_mounter-1.2.6/lib/locomotive/mounter/reader/runner.rb:40:in `block in reload'
	/usr/local/opt/rbenv/versions/1.9.3-p392/lib/ruby/gems/1.9.1/gems/locomotivecms_mounter-1.2.6/lib/locomotive/mounter.rb:97:in `with_locale'
	/usr/local/opt/rbenv/versions/1.9.3-p392/lib/ruby/gems/1.9.1/gems/locomotivecms_mounter-1.2.6/lib/locomotive/mounter/reader/runner.rb:39:in `reload'
	/usr/local/opt/rbenv/versions/1.9.3-p392/lib/ruby/gems/1.9.1/gems/locomotivecms_wagon-1.2.2/lib/locomotive/wagon/listen.rb:39:in `block in apply'
	/usr/local/opt/rbenv/versions/1.9.3-p392/lib/ruby/gems/1.9.1/gems/listen-0.7.3/lib/listen/listener.rb:212:in `call'
	/usr/local/opt/rbenv/versions/1.9.3-p392/lib/ruby/gems/1.9.1/gems/listen-0.7.3/lib/listen/listener.rb:212:in `on_change'
	/usr/local/opt/rbenv/versions/1.9.3-p392/lib/ruby/gems/1.9.1/gems/listen-0.7.3/lib/listen/listener.rb:221:in `block in initialize_adapter'
	/usr/local/opt/rbenv/versions/1.9.3-p392/lib/ruby/gems/1.9.1/gems/listen-0.7.3/lib/listen/adapter.rb:198:in `call'
	/usr/local/opt/rbenv/versions/1.9.3-p392/lib/ruby/gems/1.9.1/gems/listen-0.7.3/lib/listen/adapter.rb:198:in `report_changes'
	/usr/local/opt/rbenv/versions/1.9.3-p392/lib/ruby/gems/1.9.1/gems/listen-0.7.3/lib/listen/adapter.rb:210:in `poll_changed_dirs'
	/usr/local/opt/rbenv/versions/1.9.3-p392/lib/ruby/gems/1.9.1/gems/listen-0.7.3/lib/listen/adapters/darwin.rb:38:in `block in start'


Started GET "/" at 2013-09-09 17:47:39 +0200
Detecting locale EN
Found page "Home page" [index]
  Rendered liquid page template
Completed 200 OK in 2.0ms


Started GET "/" at 2013-09-09 17:47:40 +0200
Detecting locale EN
Found page "Home page" [index]
  Rendered liquid page template
Completed 200 OK in 1.9ms


Started GET "/" at 2013-09-09 17:48:30 +0200
Detecting locale EN
Found page "Home page" [index]
  Rendered liquid page template
Completed 200 OK in 2.0ms


Started GET "/" at 2013-09-09 17:48:45 +0200
Detecting locale EN
Found page "Home page" [index]
  Rendered liquid page template
Completed 200 OK in 2.0ms


* Reloaded "pages", "snippets" at 2013-09-09 17:49:31 +0200
Started GET "/" at 2013-09-09 17:49:31 +0200
Detecting locale EN
Found page "Home page" [index]
  Rendered liquid page template
Completed 200 OK in 2.0ms


Started GET "/" at 2013-09-09 17:49:32 +0200
Detecting locale EN
Found page "Home page" [index]
  Rendered liquid page template
Completed 200 OK in 2.1ms


* Reloaded "content_entries" at 2013-09-09 17:50:26 +0200
["/usr/local/opt/rbenv/versions/1.9.3-p392/lib/ruby/gems/1.9.1/gems/locomotivecms_mounter-1.2.6/lib/locomotive/mounter/models/content_entry.rb:193:in `method_missing'", "/usr/local/opt/rbenv/versions/1.9.3-p392/lib/ruby/gems/1.9.1/gems/locomotivecms_mounter-1.2.6/lib/locomotive/mounter/models/content_type.rb:72:in `block (2 levels) in build_entry'", "/usr/local/opt/rbenv/versions/1.9.3-p392/lib/ruby/gems/1.9.1/gems/locomotivecms_mounter-1.2.6/lib/locomotive/mounter/models/content_type.rb:65:in `each'", "/usr/local/opt/rbenv/versions/1.9.3-p392/lib/ruby/gems/1.9.1/gems/locomotivecms_mounter-1.2.6/lib/locomotive/mounter/models/content_type.rb:65:in `block in build_entry'", "/usr/local/opt/rbenv/versions/1.9.3-p392/lib/ruby/gems/1.9.1/gems/locomotivecms_mounter-1.2.6/lib/locomotive/mounter/models/content_type.rb:60:in `tap'", "/usr/local/opt/rbenv/versions/1.9.3-p392/lib/ruby/gems/1.9.1/gems/locomotivecms_mounter-1.2.6/lib/locomotive/mounter/models/content_type.rb:60:in `build_entry'", "/usr/local/opt/rbenv/versions/1.9.3-p392/lib/ruby/gems/1.9.1/gems/locomotivecms_mounter-1.2.6/lib/locomotive/mounter/reader/file_system/content_entries_reader.rb:75:in `add'", "/usr/local/opt/rbenv/versions/1.9.3-p392/lib/ruby/gems/1.9.1/gems/locomotivecms_mounter-1.2.6/lib/locomotive/mounter/reader/file_system/content_entries_reader.rb:29:in `block (2 levels) in fetch_from_filesystem'", "/usr/local/opt/rbenv/versions/1.9.3-p392/lib/ruby/gems/1.9.1/gems/locomotivecms_mounter-1.2.6/lib/locomotive/mounter/reader/file_system/content_entries_reader.rb:28:in `each'", "/usr/local/opt/rbenv/versions/1.9.3-p392/lib/ruby/gems/1.9.1/gems/locomotivecms_mounter-1.2.6/lib/locomotive/mounter/reader/file_system/content_entries_reader.rb:28:in `each_with_index'", "/usr/local/opt/rbenv/versions/1.9.3-p392/lib/ruby/gems/1.9.1/gems/locomotivecms_mounter-1.2.6/lib/locomotive/mounter/reader/file_system/content_entries_reader.rb:28:in `block in fetch_from_filesystem'", "/usr/local/opt/rbenv/versions/1.9.3-p392/lib/ruby/gems/1.9.1/gems/locomotivecms_mounter-1.2.6/lib/locomotive/mounter/reader/file_system/content_entries_reader.rb:21:in `each'", "/usr/local/opt/rbenv/versions/1.9.3-p392/lib/ruby/gems/1.9.1/gems/locomotivecms_mounter-1.2.6/lib/locomotive/mounter/reader/file_system/content_entries_reader.rb:21:in `fetch_from_filesystem'", "/usr/local/opt/rbenv/versions/1.9.3-p392/lib/ruby/gems/1.9.1/gems/locomotivecms_mounter-1.2.6/lib/locomotive/mounter/reader/file_system/content_entries_reader.rb:13:in `read'", "/usr/local/opt/rbenv/versions/1.9.3-p392/lib/ruby/gems/1.9.1/gems/locomotivecms_mounter-1.2.6/lib/locomotive/mounter/reader/runner.rb:48:in `block (2 levels) in reload'", "/usr/local/opt/rbenv/versions/1.9.3-p392/lib/ruby/gems/1.9.1/gems/locomotivecms_mounter-1.2.6/lib/locomotive/mounter/reader/runner.rb:40:in `each'", "/usr/local/opt/rbenv/versions/1.9.3-p392/lib/ruby/gems/1.9.1/gems/locomotivecms_mounter-1.2.6/lib/locomotive/mounter/reader/runner.rb:40:in `block in reload'", "/usr/local/opt/rbenv/versions/1.9.3-p392/lib/ruby/gems/1.9.1/gems/locomotivecms_mounter-1.2.6/lib/locomotive/mounter.rb:97:in `with_locale'", "/usr/local/opt/rbenv/versions/1.9.3-p392/lib/ruby/gems/1.9.1/gems/locomotivecms_mounter-1.2.6/lib/locomotive/mounter/reader/runner.rb:39:in `reload'", "/usr/local/opt/rbenv/versions/1.9.3-p392/lib/ruby/gems/1.9.1/gems/locomotivecms_wagon-1.2.2/lib/locomotive/wagon/listen.rb:39:in `block in apply'", "/usr/local/opt/rbenv/versions/1.9.3-p392/lib/ruby/gems/1.9.1/gems/listen-0.7.3/lib/listen/listener.rb:212:in `call'", "/usr/local/opt/rbenv/versions/1.9.3-p392/lib/ruby/gems/1.9.1/gems/listen-0.7.3/lib/listen/listener.rb:212:in `on_change'", "/usr/local/opt/rbenv/versions/1.9.3-p392/lib/ruby/gems/1.9.1/gems/listen-0.7.3/lib/listen/listener.rb:221:in `block in initialize_adapter'", "/usr/local/opt/rbenv/versions/1.9.3-p392/lib/ruby/gems/1.9.1/gems/listen-0.7.3/lib/listen/adapter.rb:198:in `call'", "/usr/local/opt/rbenv/versions/1.9.3-p392/lib/ruby/gems/1.9.1/gems/listen-0.7.3/lib/listen/adapter.rb:198:in `report_changes'", "/usr/local/opt/rbenv/versions/1.9.3-p392/lib/ruby/gems/1.9.1/gems/listen-0.7.3/lib/listen/adapter.rb:210:in `poll_changed_dirs'", "/usr/local/opt/rbenv/versions/1.9.3-p392/lib/ruby/gems/1.9.1/gems/listen-0.7.3/lib/listen/adapters/darwin.rb:38:in `block in start'"]
The 'products' content type does not have a field named 'category'.
The 'products' content type does not have a field named 'category'.
	/usr/local/opt/rbenv/versions/1.9.3-p392/lib/ruby/gems/1.9.1/gems/locomotivecms_mounter-1.2.6/lib/locomotive/mounter/models/content_type.rb:76:in `rescue in block (2 levels) in build_entry'
	/usr/local/opt/rbenv/versions/1.9.3-p392/lib/ruby/gems/1.9.1/gems/locomotivecms_mounter-1.2.6/lib/locomotive/mounter/models/content_type.rb:66:in `block (2 levels) in build_entry'
	/usr/local/opt/rbenv/versions/1.9.3-p392/lib/ruby/gems/1.9.1/gems/locomotivecms_mounter-1.2.6/lib/locomotive/mounter/models/content_type.rb:65:in `each'
	/usr/local/opt/rbenv/versions/1.9.3-p392/lib/ruby/gems/1.9.1/gems/locomotivecms_mounter-1.2.6/lib/locomotive/mounter/models/content_type.rb:65:in `block in build_entry'
	/usr/local/opt/rbenv/versions/1.9.3-p392/lib/ruby/gems/1.9.1/gems/locomotivecms_mounter-1.2.6/lib/locomotive/mounter/models/content_type.rb:60:in `tap'
	/usr/local/opt/rbenv/versions/1.9.3-p392/lib/ruby/gems/1.9.1/gems/locomotivecms_mounter-1.2.6/lib/locomotive/mounter/models/content_type.rb:60:in `build_entry'
	/usr/local/opt/rbenv/versions/1.9.3-p392/lib/ruby/gems/1.9.1/gems/locomotivecms_mounter-1.2.6/lib/locomotive/mounter/reader/file_system/content_entries_reader.rb:75:in `add'
	/usr/local/opt/rbenv/versions/1.9.3-p392/lib/ruby/gems/1.9.1/gems/locomotivecms_mounter-1.2.6/lib/locomotive/mounter/reader/file_system/content_entries_reader.rb:29:in `block (2 levels) in fetch_from_filesystem'
	/usr/local/opt/rbenv/versions/1.9.3-p392/lib/ruby/gems/1.9.1/gems/locomotivecms_mounter-1.2.6/lib/locomotive/mounter/reader/file_system/content_entries_reader.rb:28:in `each'
	/usr/local/opt/rbenv/versions/1.9.3-p392/lib/ruby/gems/1.9.1/gems/locomotivecms_mounter-1.2.6/lib/locomotive/mounter/reader/file_system/content_entries_reader.rb:28:in `each_with_index'
	/usr/local/opt/rbenv/versions/1.9.3-p392/lib/ruby/gems/1.9.1/gems/locomotivecms_mounter-1.2.6/lib/locomotive/mounter/reader/file_system/content_entries_reader.rb:28:in `block in fetch_from_filesystem'
	/usr/local/opt/rbenv/versions/1.9.3-p392/lib/ruby/gems/1.9.1/gems/locomotivecms_mounter-1.2.6/lib/locomotive/mounter/reader/file_system/content_entries_reader.rb:21:in `each'
	/usr/local/opt/rbenv/versions/1.9.3-p392/lib/ruby/gems/1.9.1/gems/locomotivecms_mounter-1.2.6/lib/locomotive/mounter/reader/file_system/content_entries_reader.rb:21:in `fetch_from_filesystem'
	/usr/local/opt/rbenv/versions/1.9.3-p392/lib/ruby/gems/1.9.1/gems/locomotivecms_mounter-1.2.6/lib/locomotive/mounter/reader/file_system/content_entries_reader.rb:13:in `read'
	/usr/local/opt/rbenv/versions/1.9.3-p392/lib/ruby/gems/1.9.1/gems/locomotivecms_mounter-1.2.6/lib/locomotive/mounter/reader/runner.rb:48:in `block (2 levels) in reload'
	/usr/local/opt/rbenv/versions/1.9.3-p392/lib/ruby/gems/1.9.1/gems/locomotivecms_mounter-1.2.6/lib/locomotive/mounter/reader/runner.rb:40:in `each'
	/usr/local/opt/rbenv/versions/1.9.3-p392/lib/ruby/gems/1.9.1/gems/locomotivecms_mounter-1.2.6/lib/locomotive/mounter/reader/runner.rb:40:in `block in reload'
	/usr/local/opt/rbenv/versions/1.9.3-p392/lib/ruby/gems/1.9.1/gems/locomotivecms_mounter-1.2.6/lib/locomotive/mounter.rb:97:in `with_locale'
	/usr/local/opt/rbenv/versions/1.9.3-p392/lib/ruby/gems/1.9.1/gems/locomotivecms_mounter-1.2.6/lib/locomotive/mounter/reader/runner.rb:39:in `reload'
	/usr/local/opt/rbenv/versions/1.9.3-p392/lib/ruby/gems/1.9.1/gems/locomotivecms_wagon-1.2.2/lib/locomotive/wagon/listen.rb:39:in `block in apply'
	/usr/local/opt/rbenv/versions/1.9.3-p392/lib/ruby/gems/1.9.1/gems/listen-0.7.3/lib/listen/listener.rb:212:in `call'
	/usr/local/opt/rbenv/versions/1.9.3-p392/lib/ruby/gems/1.9.1/gems/listen-0.7.3/lib/listen/listener.rb:212:in `on_change'
	/usr/local/opt/rbenv/versions/1.9.3-p392/lib/ruby/gems/1.9.1/gems/listen-0.7.3/lib/listen/listener.rb:221:in `block in initialize_adapter'
	/usr/local/opt/rbenv/versions/1.9.3-p392/lib/ruby/gems/1.9.1/gems/listen-0.7.3/lib/listen/adapter.rb:198:in `call'
	/usr/local/opt/rbenv/versions/1.9.3-p392/lib/ruby/gems/1.9.1/gems/listen-0.7.3/lib/listen/adapter.rb:198:in `report_changes'
	/usr/local/opt/rbenv/versions/1.9.3-p392/lib/ruby/gems/1.9.1/gems/listen-0.7.3/lib/listen/adapter.rb:210:in `poll_changed_dirs'
	/usr/local/opt/rbenv/versions/1.9.3-p392/lib/ruby/gems/1.9.1/gems/listen-0.7.3/lib/listen/adapters/darwin.rb:38:in `block in start'


* Reloaded "content_entries" at 2013-09-09 17:50:37 +0200
["/usr/local/opt/rbenv/versions/1.9.3-p392/lib/ruby/gems/1.9.1/gems/locomotivecms_mounter-1.2.6/lib/locomotive/mounter/models/content_entry.rb:193:in `method_missing'", "/usr/local/opt/rbenv/versions/1.9.3-p392/lib/ruby/gems/1.9.1/gems/locomotivecms_mounter-1.2.6/lib/locomotive/mounter/models/content_type.rb:72:in `block (2 levels) in build_entry'", "/usr/local/opt/rbenv/versions/1.9.3-p392/lib/ruby/gems/1.9.1/gems/locomotivecms_mounter-1.2.6/lib/locomotive/mounter/models/content_type.rb:65:in `each'", "/usr/local/opt/rbenv/versions/1.9.3-p392/lib/ruby/gems/1.9.1/gems/locomotivecms_mounter-1.2.6/lib/locomotive/mounter/models/content_type.rb:65:in `block in build_entry'", "/usr/local/opt/rbenv/versions/1.9.3-p392/lib/ruby/gems/1.9.1/gems/locomotivecms_mounter-1.2.6/lib/locomotive/mounter/models/content_type.rb:60:in `tap'", "/usr/local/opt/rbenv/versions/1.9.3-p392/lib/ruby/gems/1.9.1/gems/locomotivecms_mounter-1.2.6/lib/locomotive/mounter/models/content_type.rb:60:in `build_entry'", "/usr/local/opt/rbenv/versions/1.9.3-p392/lib/ruby/gems/1.9.1/gems/locomotivecms_mounter-1.2.6/lib/locomotive/mounter/reader/file_system/content_entries_reader.rb:75:in `add'", "/usr/local/opt/rbenv/versions/1.9.3-p392/lib/ruby/gems/1.9.1/gems/locomotivecms_mounter-1.2.6/lib/locomotive/mounter/reader/file_system/content_entries_reader.rb:29:in `block (2 levels) in fetch_from_filesystem'", "/usr/local/opt/rbenv/versions/1.9.3-p392/lib/ruby/gems/1.9.1/gems/locomotivecms_mounter-1.2.6/lib/locomotive/mounter/reader/file_system/content_entries_reader.rb:28:in `each'", "/usr/local/opt/rbenv/versions/1.9.3-p392/lib/ruby/gems/1.9.1/gems/locomotivecms_mounter-1.2.6/lib/locomotive/mounter/reader/file_system/content_entries_reader.rb:28:in `each_with_index'", "/usr/local/opt/rbenv/versions/1.9.3-p392/lib/ruby/gems/1.9.1/gems/locomotivecms_mounter-1.2.6/lib/locomotive/mounter/reader/file_system/content_entries_reader.rb:28:in `block in fetch_from_filesystem'", "/usr/local/opt/rbenv/versions/1.9.3-p392/lib/ruby/gems/1.9.1/gems/locomotivecms_mounter-1.2.6/lib/locomotive/mounter/reader/file_system/content_entries_reader.rb:21:in `each'", "/usr/local/opt/rbenv/versions/1.9.3-p392/lib/ruby/gems/1.9.1/gems/locomotivecms_mounter-1.2.6/lib/locomotive/mounter/reader/file_system/content_entries_reader.rb:21:in `fetch_from_filesystem'", "/usr/local/opt/rbenv/versions/1.9.3-p392/lib/ruby/gems/1.9.1/gems/locomotivecms_mounter-1.2.6/lib/locomotive/mounter/reader/file_system/content_entries_reader.rb:13:in `read'", "/usr/local/opt/rbenv/versions/1.9.3-p392/lib/ruby/gems/1.9.1/gems/locomotivecms_mounter-1.2.6/lib/locomotive/mounter/reader/runner.rb:48:in `block (2 levels) in reload'", "/usr/local/opt/rbenv/versions/1.9.3-p392/lib/ruby/gems/1.9.1/gems/locomotivecms_mounter-1.2.6/lib/locomotive/mounter/reader/runner.rb:40:in `each'", "/usr/local/opt/rbenv/versions/1.9.3-p392/lib/ruby/gems/1.9.1/gems/locomotivecms_mounter-1.2.6/lib/locomotive/mounter/reader/runner.rb:40:in `block in reload'", "/usr/local/opt/rbenv/versions/1.9.3-p392/lib/ruby/gems/1.9.1/gems/locomotivecms_mounter-1.2.6/lib/locomotive/mounter.rb:97:in `with_locale'", "/usr/local/opt/rbenv/versions/1.9.3-p392/lib/ruby/gems/1.9.1/gems/locomotivecms_mounter-1.2.6/lib/locomotive/mounter/reader/runner.rb:39:in `reload'", "/usr/local/opt/rbenv/versions/1.9.3-p392/lib/ruby/gems/1.9.1/gems/locomotivecms_wagon-1.2.2/lib/locomotive/wagon/listen.rb:39:in `block in apply'", "/usr/local/opt/rbenv/versions/1.9.3-p392/lib/ruby/gems/1.9.1/gems/listen-0.7.3/lib/listen/listener.rb:212:in `call'", "/usr/local/opt/rbenv/versions/1.9.3-p392/lib/ruby/gems/1.9.1/gems/listen-0.7.3/lib/listen/listener.rb:212:in `on_change'", "/usr/local/opt/rbenv/versions/1.9.3-p392/lib/ruby/gems/1.9.1/gems/listen-0.7.3/lib/listen/listener.rb:221:in `block in initialize_adapter'", "/usr/local/opt/rbenv/versions/1.9.3-p392/lib/ruby/gems/1.9.1/gems/listen-0.7.3/lib/listen/adapter.rb:198:in `call'", "/usr/local/opt/rbenv/versions/1.9.3-p392/lib/ruby/gems/1.9.1/gems/listen-0.7.3/lib/listen/adapter.rb:198:in `report_changes'", "/usr/local/opt/rbenv/versions/1.9.3-p392/lib/ruby/gems/1.9.1/gems/listen-0.7.3/lib/listen/adapter.rb:210:in `poll_changed_dirs'", "/usr/local/opt/rbenv/versions/1.9.3-p392/lib/ruby/gems/1.9.1/gems/listen-0.7.3/lib/listen/adapters/darwin.rb:38:in `block in start'"]
The 'products' content type does not have a field named 'category'.
The 'products' content type does not have a field named 'category'.
	/usr/local/opt/rbenv/versions/1.9.3-p392/lib/ruby/gems/1.9.1/gems/locomotivecms_mounter-1.2.6/lib/locomotive/mounter/models/content_type.rb:76:in `rescue in block (2 levels) in build_entry'
	/usr/local/opt/rbenv/versions/1.9.3-p392/lib/ruby/gems/1.9.1/gems/locomotivecms_mounter-1.2.6/lib/locomotive/mounter/models/content_type.rb:66:in `block (2 levels) in build_entry'
	/usr/local/opt/rbenv/versions/1.9.3-p392/lib/ruby/gems/1.9.1/gems/locomotivecms_mounter-1.2.6/lib/locomotive/mounter/models/content_type.rb:65:in `each'
	/usr/local/opt/rbenv/versions/1.9.3-p392/lib/ruby/gems/1.9.1/gems/locomotivecms_mounter-1.2.6/lib/locomotive/mounter/models/content_type.rb:65:in `block in build_entry'
	/usr/local/opt/rbenv/versions/1.9.3-p392/lib/ruby/gems/1.9.1/gems/locomotivecms_mounter-1.2.6/lib/locomotive/mounter/models/content_type.rb:60:in `tap'
	/usr/local/opt/rbenv/versions/1.9.3-p392/lib/ruby/gems/1.9.1/gems/locomotivecms_mounter-1.2.6/lib/locomotive/mounter/models/content_type.rb:60:in `build_entry'
	/usr/local/opt/rbenv/versions/1.9.3-p392/lib/ruby/gems/1.9.1/gems/locomotivecms_mounter-1.2.6/lib/locomotive/mounter/reader/file_system/content_entries_reader.rb:75:in `add'
	/usr/local/opt/rbenv/versions/1.9.3-p392/lib/ruby/gems/1.9.1/gems/locomotivecms_mounter-1.2.6/lib/locomotive/mounter/reader/file_system/content_entries_reader.rb:29:in `block (2 levels) in fetch_from_filesystem'
	/usr/local/opt/rbenv/versions/1.9.3-p392/lib/ruby/gems/1.9.1/gems/locomotivecms_mounter-1.2.6/lib/locomotive/mounter/reader/file_system/content_entries_reader.rb:28:in `each'
	/usr/local/opt/rbenv/versions/1.9.3-p392/lib/ruby/gems/1.9.1/gems/locomotivecms_mounter-1.2.6/lib/locomotive/mounter/reader/file_system/content_entries_reader.rb:28:in `each_with_index'
	/usr/local/opt/rbenv/versions/1.9.3-p392/lib/ruby/gems/1.9.1/gems/locomotivecms_mounter-1.2.6/lib/locomotive/mounter/reader/file_system/content_entries_reader.rb:28:in `block in fetch_from_filesystem'
	/usr/local/opt/rbenv/versions/1.9.3-p392/lib/ruby/gems/1.9.1/gems/locomotivecms_mounter-1.2.6/lib/locomotive/mounter/reader/file_system/content_entries_reader.rb:21:in `each'
	/usr/local/opt/rbenv/versions/1.9.3-p392/lib/ruby/gems/1.9.1/gems/locomotivecms_mounter-1.2.6/lib/locomotive/mounter/reader/file_system/content_entries_reader.rb:21:in `fetch_from_filesystem'
	/usr/local/opt/rbenv/versions/1.9.3-p392/lib/ruby/gems/1.9.1/gems/locomotivecms_mounter-1.2.6/lib/locomotive/mounter/reader/file_system/content_entries_reader.rb:13:in `read'
	/usr/local/opt/rbenv/versions/1.9.3-p392/lib/ruby/gems/1.9.1/gems/locomotivecms_mounter-1.2.6/lib/locomotive/mounter/reader/runner.rb:48:in `block (2 levels) in reload'
	/usr/local/opt/rbenv/versions/1.9.3-p392/lib/ruby/gems/1.9.1/gems/locomotivecms_mounter-1.2.6/lib/locomotive/mounter/reader/runner.rb:40:in `each'
	/usr/local/opt/rbenv/versions/1.9.3-p392/lib/ruby/gems/1.9.1/gems/locomotivecms_mounter-1.2.6/lib/locomotive/mounter/reader/runner.rb:40:in `block in reload'
	/usr/local/opt/rbenv/versions/1.9.3-p392/lib/ruby/gems/1.9.1/gems/locomotivecms_mounter-1.2.6/lib/locomotive/mounter.rb:97:in `with_locale'
	/usr/local/opt/rbenv/versions/1.9.3-p392/lib/ruby/gems/1.9.1/gems/locomotivecms_mounter-1.2.6/lib/locomotive/mounter/reader/runner.rb:39:in `reload'
	/usr/local/opt/rbenv/versions/1.9.3-p392/lib/ruby/gems/1.9.1/gems/locomotivecms_wagon-1.2.2/lib/locomotive/wagon/listen.rb:39:in `block in apply'
	/usr/local/opt/rbenv/versions/1.9.3-p392/lib/ruby/gems/1.9.1/gems/listen-0.7.3/lib/listen/listener.rb:212:in `call'
	/usr/local/opt/rbenv/versions/1.9.3-p392/lib/ruby/gems/1.9.1/gems/listen-0.7.3/lib/listen/listener.rb:212:in `on_change'
	/usr/local/opt/rbenv/versions/1.9.3-p392/lib/ruby/gems/1.9.1/gems/listen-0.7.3/lib/listen/listener.rb:221:in `block in initialize_adapter'
	/usr/local/opt/rbenv/versions/1.9.3-p392/lib/ruby/gems/1.9.1/gems/listen-0.7.3/lib/listen/adapter.rb:198:in `call'
	/usr/local/opt/rbenv/versions/1.9.3-p392/lib/ruby/gems/1.9.1/gems/listen-0.7.3/lib/listen/adapter.rb:198:in `report_changes'
	/usr/local/opt/rbenv/versions/1.9.3-p392/lib/ruby/gems/1.9.1/gems/listen-0.7.3/lib/listen/adapter.rb:210:in `poll_changed_dirs'
	/usr/local/opt/rbenv/versions/1.9.3-p392/lib/ruby/gems/1.9.1/gems/listen-0.7.3/lib/listen/adapters/darwin.rb:38:in `block in start'


* Reloaded "content_types", "content_entries" at 2013-09-09 17:50:57 +0200
* Reloaded "content_types", "content_entries" at 2013-09-09 17:50:58 +0200
Started GET "/" at 2013-09-09 17:51:01 +0200
Detecting locale EN
Found page "Home page" [index]
  Rendered liquid page template
Completed 200 OK in 3.0ms


* Reloaded "pages", "snippets" at 2013-09-09 17:51:12 +0200
Started GET "/" at 2013-09-09 17:51:13 +0200
Detecting locale EN
Found page "Home page" [index]
  Rendered liquid page template
Completed 200 OK in 2.2ms


Started GET "/" at 2013-09-09 17:51:14 +0200
Detecting locale EN
Found page "Home page" [index]
  Rendered liquid page template
Completed 200 OK in 2.1ms


Started GET "/" at 2013-09-09 17:51:49 +0200
Detecting locale EN
Found page "Home page" [index]
  Rendered liquid page template
Completed 200 OK in 6.5ms


Started GET "/" at 2013-09-09 17:52:09 +0200
Detecting locale EN
Found page "Home page" [index]
  Rendered liquid page template
Completed 200 OK in 2.2ms


* Reloaded "pages", "snippets" at 2013-09-09 17:52:26 +0200
Started GET "/" at 2013-09-09 17:52:38 +0200
Detecting locale EN
Found page "Home page" [index]
  Rendered liquid page template
Completed 200 OK in 2.2ms


* Reloaded "content_types", "content_entries" at 2013-09-09 17:53:34 +0200
Started GET "/" at 2013-09-09 17:53:35 +0200
Detecting locale EN
Found page "Home page" [index]
  Rendered liquid page template
Completed 200 OK in 2.2ms


